<?xml version="1.0" encoding="UTF-8"?>
<!-- Generated by org.testng.reporters.JUnitXMLReporter -->
<testsuite ignored="0" hostname="SLIDEQA2" failures="0" tests="8" name="Default test" time="110.307" errors="0" timestamp="2022-04-28T16:25:09 IST">
  <testcase classname="testCases.A4Pages" name="checkResolutionForA4Pages" time="17.865"/>
  <testcase classname="testCases.A4Pages" name="checkResolutionForA4Pages" time="13.028"/>
  <testcase classname="testCases.A4Pages" name="checkResolutionForA4Pages" time="11.749"/>
  <testcase classname="testCases.A4Pages" name="checkResolutionForA4Pages" time="14.12"/>
  <testcase classname="testCases.A4Pages" name="checkResolutionForA4Pages" time="10.998"/>
  <testcase classname="testCases.A4Pages" name="checkResolutionForA4Pages" time="18.236"/>
  <testcase classname="testCases.A4Pages" name="checkResolutionForA4Pages" time="11.987"/>
  <testcase classname="testCases.A4Pages" name="checkResolutionForA4Pages" time="12.283"/>
</testsuite> <!-- Default test -->
