<?xml version="1.0" encoding="UTF-8"?>
<!-- Generated by org.testng.reporters.JUnitXMLReporter -->
<testsuite ignored="4" hostname="SLIDEQA2" failures="21" tests="29" name="ResolutionTest" time="239.64" errors="0" timestamp="2022-07-07T11:55:28 IST">
  <testcase classname="testCases.A4Pages" name="checkResolutionForA4Pages" time="4.684">
    <failure type="java.lang.NullPointerException" message="null value in entry: url=null">
      <![CDATA[java.lang.NullPointerException: null value in entry: url=null
at com.google.common.collect.CollectPreconditions.checkEntryNotNull(CollectPreconditions.java:33)
at com.google.common.collect.SingletonImmutableBiMap.<init>(SingletonImmutableBiMap.java:43)
at com.google.common.collect.ImmutableBiMap.of(ImmutableBiMap.java:81)
at com.google.common.collect.ImmutableMap.of(ImmutableMap.java:126)
at org.openqa.selenium.remote.RemoteWebDriver.get(RemoteWebDriver.java:277)
at testCases.A4Pages.checkResolutionForA4Pages(A4Pages.java:30)
at java.base/java.util.ArrayList.forEach(ArrayList.java:1511)
... Removed 30 stack frames]]>
    </failure>
  </testcase> <!-- checkResolutionForA4Pages -->
  <testcase classname="testCases.A4Pages" name="checkResolutionForA4Pages" time="3.931">
    <failure type="java.lang.NullPointerException" message="null value in entry: url=null">
      <![CDATA[java.lang.NullPointerException: null value in entry: url=null
at com.google.common.collect.CollectPreconditions.checkEntryNotNull(CollectPreconditions.java:33)
at com.google.common.collect.SingletonImmutableBiMap.<init>(SingletonImmutableBiMap.java:43)
at com.google.common.collect.ImmutableBiMap.of(ImmutableBiMap.java:81)
at com.google.common.collect.ImmutableMap.of(ImmutableMap.java:126)
at org.openqa.selenium.remote.RemoteWebDriver.get(RemoteWebDriver.java:277)
at testCases.A4Pages.checkResolutionForA4Pages(A4Pages.java:30)
at java.base/java.util.ArrayList.forEach(ArrayList.java:1511)
... Removed 30 stack frames]]>
    </failure>
  </testcase> <!-- checkResolutionForA4Pages -->
  <testcase classname="testCases.A4Pages" name="checkResolutionForA4Pages" time="4.164">
    <failure type="java.lang.NullPointerException" message="null value in entry: url=null">
      <![CDATA[java.lang.NullPointerException: null value in entry: url=null
at com.google.common.collect.CollectPreconditions.checkEntryNotNull(CollectPreconditions.java:33)
at com.google.common.collect.SingletonImmutableBiMap.<init>(SingletonImmutableBiMap.java:43)
at com.google.common.collect.ImmutableBiMap.of(ImmutableBiMap.java:81)
at com.google.common.collect.ImmutableMap.of(ImmutableMap.java:126)
at org.openqa.selenium.remote.RemoteWebDriver.get(RemoteWebDriver.java:277)
at testCases.A4Pages.checkResolutionForA4Pages(A4Pages.java:30)
at java.base/java.util.ArrayList.forEach(ArrayList.java:1511)
... Removed 30 stack frames]]>
    </failure>
  </testcase> <!-- checkResolutionForA4Pages -->
  <testcase classname="testCases.A4Pages" name="checkResolutionForA4Pages" time="4.091">
    <failure type="java.lang.NullPointerException" message="null value in entry: url=null">
      <![CDATA[java.lang.NullPointerException: null value in entry: url=null
at com.google.common.collect.CollectPreconditions.checkEntryNotNull(CollectPreconditions.java:33)
at com.google.common.collect.SingletonImmutableBiMap.<init>(SingletonImmutableBiMap.java:43)
at com.google.common.collect.ImmutableBiMap.of(ImmutableBiMap.java:81)
at com.google.common.collect.ImmutableMap.of(ImmutableMap.java:126)
at org.openqa.selenium.remote.RemoteWebDriver.get(RemoteWebDriver.java:277)
at testCases.A4Pages.checkResolutionForA4Pages(A4Pages.java:30)
at java.base/java.util.ArrayList.forEach(ArrayList.java:1511)
... Removed 30 stack frames]]>
    </failure>
  </testcase> <!-- checkResolutionForA4Pages -->
  <testcase classname="testCases.A4Pages" name="checkResolutionForA4Pages" time="4.127">
    <failure type="java.lang.NullPointerException" message="null value in entry: url=null">
      <![CDATA[java.lang.NullPointerException: null value in entry: url=null
at com.google.common.collect.CollectPreconditions.checkEntryNotNull(CollectPreconditions.java:33)
at com.google.common.collect.SingletonImmutableBiMap.<init>(SingletonImmutableBiMap.java:43)
at com.google.common.collect.ImmutableBiMap.of(ImmutableBiMap.java:81)
at com.google.common.collect.ImmutableMap.of(ImmutableMap.java:126)
at org.openqa.selenium.remote.RemoteWebDriver.get(RemoteWebDriver.java:277)
at testCases.A4Pages.checkResolutionForA4Pages(A4Pages.java:30)
at java.base/java.util.ArrayList.forEach(ArrayList.java:1511)
... Removed 30 stack frames]]>
    </failure>
  </testcase> <!-- checkResolutionForA4Pages -->
  <testcase classname="testCases.A4Pages" name="checkResolutionForA4Pages" time="3.776">
    <failure type="java.lang.NullPointerException" message="null value in entry: url=null">
      <![CDATA[java.lang.NullPointerException: null value in entry: url=null
at com.google.common.collect.CollectPreconditions.checkEntryNotNull(CollectPreconditions.java:33)
at com.google.common.collect.SingletonImmutableBiMap.<init>(SingletonImmutableBiMap.java:43)
at com.google.common.collect.ImmutableBiMap.of(ImmutableBiMap.java:81)
at com.google.common.collect.ImmutableMap.of(ImmutableMap.java:126)
at org.openqa.selenium.remote.RemoteWebDriver.get(RemoteWebDriver.java:277)
at testCases.A4Pages.checkResolutionForA4Pages(A4Pages.java:30)
at java.base/java.util.ArrayList.forEach(ArrayList.java:1511)
... Removed 30 stack frames]]>
    </failure>
  </testcase> <!-- checkResolutionForA4Pages -->
  <testcase classname="testCases.A4Pages" name="checkResolutionForA4Pages" time="3.785">
    <failure type="java.lang.NullPointerException" message="null value in entry: url=null">
      <![CDATA[java.lang.NullPointerException: null value in entry: url=null
at com.google.common.collect.CollectPreconditions.checkEntryNotNull(CollectPreconditions.java:33)
at com.google.common.collect.SingletonImmutableBiMap.<init>(SingletonImmutableBiMap.java:43)
at com.google.common.collect.ImmutableBiMap.of(ImmutableBiMap.java:81)
at com.google.common.collect.ImmutableMap.of(ImmutableMap.java:126)
at org.openqa.selenium.remote.RemoteWebDriver.get(RemoteWebDriver.java:277)
at testCases.A4Pages.checkResolutionForA4Pages(A4Pages.java:30)
at java.base/java.util.ArrayList.forEach(ArrayList.java:1511)
... Removed 30 stack frames]]>
    </failure>
  </testcase> <!-- checkResolutionForA4Pages -->
  <testcase classname="testCases.A4Pages" name="checkResolutionForA4Pages" time="3.809">
    <failure type="java.lang.NullPointerException" message="null value in entry: url=null">
      <![CDATA[java.lang.NullPointerException: null value in entry: url=null
at com.google.common.collect.CollectPreconditions.checkEntryNotNull(CollectPreconditions.java:33)
at com.google.common.collect.SingletonImmutableBiMap.<init>(SingletonImmutableBiMap.java:43)
at com.google.common.collect.ImmutableBiMap.of(ImmutableBiMap.java:81)
at com.google.common.collect.ImmutableMap.of(ImmutableMap.java:126)
at org.openqa.selenium.remote.RemoteWebDriver.get(RemoteWebDriver.java:277)
at testCases.A4Pages.checkResolutionForA4Pages(A4Pages.java:30)
at java.base/java.util.ArrayList.forEach(ArrayList.java:1511)
... Removed 30 stack frames]]>
    </failure>
  </testcase> <!-- checkResolutionForA4Pages -->
  <testcase classname="testCases.NewlyProducts" name="checkResolutionForNewlyProducts" time="17.631"/>
  <testcase classname="testCases.NewlyProducts" name="checkResolutionForNewlyProducts" time="29.849"/>
  <testcase classname="testCases.NewlyProducts" name="checkResolutionForNewlyProducts" time="17.504"/>
  <testcase classname="testCases.NewlyProducts" name="checkResolutionForNewlyProducts" time="17.78"/>
  <testcase classname="testCases.NewlyProducts" name="checkResolutionForNewlyProducts" time="14.413"/>
  <testcase classname="testCases.NewlyProducts" name="checkResolutionForNewlyProducts" time="14.922"/>
  <testcase classname="testCases.NewlyProducts" name="checkResolutionForNewlyProducts" time="14.733"/>
  <testcase classname="testCases.NewlyProducts" name="checkResolutionForNewlyProducts" time="15.402"/>
  <testcase classname="testCases.PopularPPts" name="checkResolutionForpopularPPts" time="3.828">
    <failure type="java.lang.NullPointerException" message="null value in entry: url=null">
      <![CDATA[java.lang.NullPointerException: null value in entry: url=null
at com.google.common.collect.CollectPreconditions.checkEntryNotNull(CollectPreconditions.java:33)
at com.google.common.collect.SingletonImmutableBiMap.<init>(SingletonImmutableBiMap.java:43)
at com.google.common.collect.ImmutableBiMap.of(ImmutableBiMap.java:81)
at com.google.common.collect.ImmutableMap.of(ImmutableMap.java:126)
at org.openqa.selenium.remote.RemoteWebDriver.get(RemoteWebDriver.java:277)
at testCases.PopularPPts.checkResolutionForpopularPPts(PopularPPts.java:29)
at java.base/java.util.ArrayList.forEach(ArrayList.java:1511)
... Removed 30 stack frames]]>
    </failure>
  </testcase> <!-- checkResolutionForpopularPPts -->
  <testcase classname="testCases.PopularPPts" name="checkResolutionForpopularPPts" time="3.555">
    <failure type="java.lang.NullPointerException" message="null value in entry: url=null">
      <![CDATA[java.lang.NullPointerException: null value in entry: url=null
at com.google.common.collect.CollectPreconditions.checkEntryNotNull(CollectPreconditions.java:33)
at com.google.common.collect.SingletonImmutableBiMap.<init>(SingletonImmutableBiMap.java:43)
at com.google.common.collect.ImmutableBiMap.of(ImmutableBiMap.java:81)
at com.google.common.collect.ImmutableMap.of(ImmutableMap.java:126)
at org.openqa.selenium.remote.RemoteWebDriver.get(RemoteWebDriver.java:277)
at testCases.PopularPPts.checkResolutionForpopularPPts(PopularPPts.java:29)
at java.base/java.util.ArrayList.forEach(ArrayList.java:1511)
... Removed 30 stack frames]]>
    </failure>
  </testcase> <!-- checkResolutionForpopularPPts -->
  <testcase classname="testCases.PopularPPts" name="checkResolutionForpopularPPts" time="3.566">
    <failure type="java.lang.NullPointerException" message="null value in entry: url=null">
      <![CDATA[java.lang.NullPointerException: null value in entry: url=null
at com.google.common.collect.CollectPreconditions.checkEntryNotNull(CollectPreconditions.java:33)
at com.google.common.collect.SingletonImmutableBiMap.<init>(SingletonImmutableBiMap.java:43)
at com.google.common.collect.ImmutableBiMap.of(ImmutableBiMap.java:81)
at com.google.common.collect.ImmutableMap.of(ImmutableMap.java:126)
at org.openqa.selenium.remote.RemoteWebDriver.get(RemoteWebDriver.java:277)
at testCases.PopularPPts.checkResolutionForpopularPPts(PopularPPts.java:29)
at java.base/java.util.ArrayList.forEach(ArrayList.java:1511)
... Removed 30 stack frames]]>
    </failure>
  </testcase> <!-- checkResolutionForpopularPPts -->
  <testcase classname="testCases.PopularPPts" name="checkResolutionForpopularPPts" time="3.601">
    <failure type="java.lang.NullPointerException" message="null value in entry: url=null">
      <![CDATA[java.lang.NullPointerException: null value in entry: url=null
at com.google.common.collect.CollectPreconditions.checkEntryNotNull(CollectPreconditions.java:33)
at com.google.common.collect.SingletonImmutableBiMap.<init>(SingletonImmutableBiMap.java:43)
at com.google.common.collect.ImmutableBiMap.of(ImmutableBiMap.java:81)
at com.google.common.collect.ImmutableMap.of(ImmutableMap.java:126)
at org.openqa.selenium.remote.RemoteWebDriver.get(RemoteWebDriver.java:277)
at testCases.PopularPPts.checkResolutionForpopularPPts(PopularPPts.java:29)
at java.base/java.util.ArrayList.forEach(ArrayList.java:1511)
... Removed 30 stack frames]]>
    </failure>
  </testcase> <!-- checkResolutionForpopularPPts -->
  <testcase classname="testCases.PopularPPts" name="checkResolutionForpopularPPts" time="3.643">
    <failure type="java.lang.NullPointerException" message="null value in entry: url=null">
      <![CDATA[java.lang.NullPointerException: null value in entry: url=null
at com.google.common.collect.CollectPreconditions.checkEntryNotNull(CollectPreconditions.java:33)
at com.google.common.collect.SingletonImmutableBiMap.<init>(SingletonImmutableBiMap.java:43)
at com.google.common.collect.ImmutableBiMap.of(ImmutableBiMap.java:81)
at com.google.common.collect.ImmutableMap.of(ImmutableMap.java:126)
at org.openqa.selenium.remote.RemoteWebDriver.get(RemoteWebDriver.java:277)
at testCases.PopularPPts.checkResolutionForpopularPPts(PopularPPts.java:29)
at java.base/java.util.ArrayList.forEach(ArrayList.java:1511)
... Removed 30 stack frames]]>
    </failure>
  </testcase> <!-- checkResolutionForpopularPPts -->
  <testcase classname="testCases.PopularPPts" name="checkResolutionForpopularPPts" time="3.543">
    <failure type="java.lang.NullPointerException" message="null value in entry: url=null">
      <![CDATA[java.lang.NullPointerException: null value in entry: url=null
at com.google.common.collect.CollectPreconditions.checkEntryNotNull(CollectPreconditions.java:33)
at com.google.common.collect.SingletonImmutableBiMap.<init>(SingletonImmutableBiMap.java:43)
at com.google.common.collect.ImmutableBiMap.of(ImmutableBiMap.java:81)
at com.google.common.collect.ImmutableMap.of(ImmutableMap.java:126)
at org.openqa.selenium.remote.RemoteWebDriver.get(RemoteWebDriver.java:277)
at testCases.PopularPPts.checkResolutionForpopularPPts(PopularPPts.java:29)
at java.base/java.util.ArrayList.forEach(ArrayList.java:1511)
... Removed 30 stack frames]]>
    </failure>
  </testcase> <!-- checkResolutionForpopularPPts -->
  <testcase classname="testCases.PopularPPts" name="checkResolutionForpopularPPts" time="3.591">
    <failure type="java.lang.NullPointerException" message="null value in entry: url=null">
      <![CDATA[java.lang.NullPointerException: null value in entry: url=null
at com.google.common.collect.CollectPreconditions.checkEntryNotNull(CollectPreconditions.java:33)
at com.google.common.collect.SingletonImmutableBiMap.<init>(SingletonImmutableBiMap.java:43)
at com.google.common.collect.ImmutableBiMap.of(ImmutableBiMap.java:81)
at com.google.common.collect.ImmutableMap.of(ImmutableMap.java:126)
at org.openqa.selenium.remote.RemoteWebDriver.get(RemoteWebDriver.java:277)
at testCases.PopularPPts.checkResolutionForpopularPPts(PopularPPts.java:29)
at java.base/java.util.ArrayList.forEach(ArrayList.java:1511)
... Removed 30 stack frames]]>
    </failure>
  </testcase> <!-- checkResolutionForpopularPPts -->
  <testcase classname="testCases.PopularPPts" name="checkResolutionForpopularPPts" time="3.715">
    <failure type="java.lang.NullPointerException" message="null value in entry: url=null">
      <![CDATA[java.lang.NullPointerException: null value in entry: url=null
at com.google.common.collect.CollectPreconditions.checkEntryNotNull(CollectPreconditions.java:33)
at com.google.common.collect.SingletonImmutableBiMap.<init>(SingletonImmutableBiMap.java:43)
at com.google.common.collect.ImmutableBiMap.of(ImmutableBiMap.java:81)
at com.google.common.collect.ImmutableMap.of(ImmutableMap.java:126)
at org.openqa.selenium.remote.RemoteWebDriver.get(RemoteWebDriver.java:277)
at testCases.PopularPPts.checkResolutionForpopularPPts(PopularPPts.java:29)
at java.base/java.util.ArrayList.forEach(ArrayList.java:1511)
... Removed 30 stack frames]]>
    </failure>
  </testcase> <!-- checkResolutionForpopularPPts -->
  <testcase classname="testCases.SliPages" name="checkResolutionForSliPages" time="3.617">
    <failure type="java.lang.NullPointerException" message="null value in entry: url=null">
      <![CDATA[java.lang.NullPointerException: null value in entry: url=null
at com.google.common.collect.CollectPreconditions.checkEntryNotNull(CollectPreconditions.java:33)
at com.google.common.collect.SingletonImmutableBiMap.<init>(SingletonImmutableBiMap.java:43)
at com.google.common.collect.ImmutableBiMap.of(ImmutableBiMap.java:81)
at com.google.common.collect.ImmutableMap.of(ImmutableMap.java:126)
at org.openqa.selenium.remote.RemoteWebDriver.get(RemoteWebDriver.java:277)
at testCases.SliPages.checkResolutionForSliPages(SliPages.java:22)
at java.base/java.util.ArrayList.forEach(ArrayList.java:1511)
... Removed 30 stack frames]]>
    </failure>
  </testcase> <!-- checkResolutionForSliPages -->
  <testcase classname="testCases.SliPages" name="checkResolutionForSliPages" time="3.612">
    <failure type="java.lang.NullPointerException" message="null value in entry: url=null">
      <![CDATA[java.lang.NullPointerException: null value in entry: url=null
at com.google.common.collect.CollectPreconditions.checkEntryNotNull(CollectPreconditions.java:33)
at com.google.common.collect.SingletonImmutableBiMap.<init>(SingletonImmutableBiMap.java:43)
at com.google.common.collect.ImmutableBiMap.of(ImmutableBiMap.java:81)
at com.google.common.collect.ImmutableMap.of(ImmutableMap.java:126)
at org.openqa.selenium.remote.RemoteWebDriver.get(RemoteWebDriver.java:277)
at testCases.SliPages.checkResolutionForSliPages(SliPages.java:22)
at java.base/java.util.ArrayList.forEach(ArrayList.java:1511)
... Removed 30 stack frames]]>
    </failure>
  </testcase> <!-- checkResolutionForSliPages -->
  <testcase classname="testCases.SliPages" name="checkResolutionForSliPages" time="3.693">
    <failure type="java.lang.NullPointerException" message="null value in entry: url=null">
      <![CDATA[java.lang.NullPointerException: null value in entry: url=null
at com.google.common.collect.CollectPreconditions.checkEntryNotNull(CollectPreconditions.java:33)
at com.google.common.collect.SingletonImmutableBiMap.<init>(SingletonImmutableBiMap.java:43)
at com.google.common.collect.ImmutableBiMap.of(ImmutableBiMap.java:81)
at com.google.common.collect.ImmutableMap.of(ImmutableMap.java:126)
at org.openqa.selenium.remote.RemoteWebDriver.get(RemoteWebDriver.java:277)
at testCases.SliPages.checkResolutionForSliPages(SliPages.java:22)
at java.base/java.util.ArrayList.forEach(ArrayList.java:1511)
... Removed 30 stack frames]]>
    </failure>
  </testcase> <!-- checkResolutionForSliPages -->
  <testcase classname="testCases.SliPages" name="checkResolutionForSliPages" time="3.778">
    <failure type="java.lang.NullPointerException" message="null value in entry: url=null">
      <![CDATA[java.lang.NullPointerException: null value in entry: url=null
at com.google.common.collect.CollectPreconditions.checkEntryNotNull(CollectPreconditions.java:33)
at com.google.common.collect.SingletonImmutableBiMap.<init>(SingletonImmutableBiMap.java:43)
at com.google.common.collect.ImmutableBiMap.of(ImmutableBiMap.java:81)
at com.google.common.collect.ImmutableMap.of(ImmutableMap.java:126)
at org.openqa.selenium.remote.RemoteWebDriver.get(RemoteWebDriver.java:277)
at testCases.SliPages.checkResolutionForSliPages(SliPages.java:22)
at java.base/java.util.ArrayList.forEach(ArrayList.java:1511)
... Removed 30 stack frames]]>
    </failure>
  </testcase> <!-- checkResolutionForSliPages -->
  <testcase classname="testCases.SliPages" name="checkResolutionForSliPages" time="3.978">
    <failure type="java.lang.NullPointerException" message="null value in entry: url=null">
      <![CDATA[java.lang.NullPointerException: null value in entry: url=null
at com.google.common.collect.CollectPreconditions.checkEntryNotNull(CollectPreconditions.java:33)
at com.google.common.collect.SingletonImmutableBiMap.<init>(SingletonImmutableBiMap.java:43)
at com.google.common.collect.ImmutableBiMap.of(ImmutableBiMap.java:81)
at com.google.common.collect.ImmutableMap.of(ImmutableMap.java:126)
at org.openqa.selenium.remote.RemoteWebDriver.get(RemoteWebDriver.java:277)
at testCases.SliPages.checkResolutionForSliPages(SliPages.java:22)
at java.base/java.util.ArrayList.forEach(ArrayList.java:1511)
... Removed 30 stack frames]]>
    </failure>
  </testcase> <!-- checkResolutionForSliPages -->
  <testcase classname="testCases.BaseClass" name="@BeforeSuite setUp" time="0.0">
    <ignored/>
  </testcase> <!-- @BeforeSuite setUp -->
  <testcase classname="testCases.BaseClass" name="@BeforeSuite setUp" time="0.0">
    <ignored/>
  </testcase> <!-- @BeforeSuite setUp -->
  <testcase classname="testCases.BaseClass" name="@BeforeSuite setUp" time="0.0">
    <ignored/>
  </testcase> <!-- @BeforeSuite setUp -->
  <testcase classname="testCases.BaseClass" name="@BeforeSuite setUp" time="0.0">
    <ignored/>
  </testcase> <!-- @BeforeSuite setUp -->
</testsuite> <!-- ResolutionTest -->
