<?xml version="1.0" encoding="UTF-8"?>
<testng-results ignored="0" total="1" passed="1" failed="0" skipped="0">
  <reporter-output>
  </reporter-output>
  <suite started-at="2022-04-27T18:40:08 IST" name="Default suite" finished-at="2022-04-27T18:41:29 IST" duration-ms="81168">
    <groups>
    </groups>
    <test started-at="2022-04-27T18:40:08 IST" name="Default test" finished-at="2022-04-27T18:41:29 IST" duration-ms="81168">
      <class name="testCases.SliPages">
        <test-method is-config="true" signature="setUp()[pri:0, instance:testCases.SliPages@130c12b7]" started-at="2022-04-27T18:40:08 IST" name="setUp" finished-at="2022-04-27T18:40:08 IST" duration-ms="52" status="PASS">
          <reporter-output>
          </reporter-output>
        </test-method> <!-- setUp -->
        <test-method signature="checkResolutionForSliPages(int,int)[pri:0, instance:testCases.SliPages@130c12b7]" started-at="2022-04-27T18:40:08 IST" name="checkResolutionForSliPages" data-provider="windowResolution" finished-at="2022-04-27T18:41:29 IST" duration-ms="81146" status="PASS">
          <params>
            <param index="0">
              <value>
                <![CDATA[2560]]>
              </value>
            </param>
            <param index="1">
              <value>
                <![CDATA[1440]]>
              </value>
            </param>
          </params>
          <reporter-output>
          </reporter-output>
        </test-method> <!-- checkResolutionForSliPages -->
      </class> <!-- testCases.SliPages -->
    </test> <!-- Default test -->
  </suite> <!-- Default suite -->
</testng-results>
